<?xml version="1.0" encoding="UTF-8"?>
<!-- Generated by org.testng.reporters.JUnitReportReporter -->
<testsuite skipped="0" hostname="LAPTOP-IKAB6TBT" name="org.testng.DataProviderClass" tests="2" failures="0" timestamp="07 Mar 2023 10:15:21 GMT" time="49.611" errors="0">
  <testcase name="tc4" time="23.964" classname="org.testng.DataProviderClass"/>
  <testcase name="tc4" time="25.647" classname="org.testng.DataProviderClass"/>
</testsuite> <!-- org.testng.DataProviderClass -->
