<?xml version="1.0" encoding="UTF-8"?>
<!-- Generated by org.testng.reporters.JUnitReportReporter -->
<testsuite skipped="0" hostname="LAPTOP-IKAB6TBT" name="org.testng.GroupClass" tests="1" failures="0" timestamp="06 Mar 2023 09:41:22 GMT" time="24.362" errors="0">
  <testcase name="tc4" time="24.362" classname="org.testng.GroupClass"/>
</testsuite> <!-- org.testng.GroupClass -->
